<?xml version="1.0" encoding="UTF-8"?>
<!-- Generated by org.testng.reporters.JUnitXMLReporter -->
<testsuite ignored="2" hostname="DESKTOP-RTACN6A" failures="0" tests="1" name="Default test" time="118.852" errors="0" timestamp="2020-07-05T14:56:44 IST">
  <testcase classname="testcases.Test_Myplayers" name="Manageplayer" time="118.51"/>
  <testcase classname="testcases.Test_Myplayers" name="Editplayer" time="0.0">
    <ignored/>
  </testcase> <!-- Editplayer -->
  <testcase classname="testcases.Test_Myplayers" name="Createplayer" time="0.0">
    <ignored/>
  </testcase> <!-- Createplayer -->
</testsuite> <!-- Default test -->
