<?xml version="1.0" encoding="UTF-8"?>
<!-- Generated by org.testng.reporters.JUnitXMLReporter -->
<testsuite hostname="gsche-e3108" ignored="1" name="Test" tests="1" failures="0" timestamp="2020-02-28T17:23:12 IST" time="28.352" errors="0">
  <testcase name="logincheck" time="28.166" classname="testcases.Test_newplayer_creation"/>
  <testcase name="verifyplayerlist" time="0.0" classname="testcases.Test_newplayer_creation">
    <ignored/>
  </testcase> <!-- verifyplayerlist -->
</testsuite> <!-- Test -->
