<?xml version="1.0" encoding="UTF-8"?>
<testng-results ignored="2" total="3" passed="1" failed="0" skipped="0">
  <reporter-output>
  </reporter-output>
  <suite started-at="2020-07-05T14:54:45 IST" name="Default suite" finished-at="2020-07-05T14:56:43 IST" duration-ms="118852">
    <groups>
    </groups>
    <test started-at="2020-07-05T14:54:45 IST" name="Default test" finished-at="2020-07-05T14:56:43 IST" duration-ms="118852">
      <class name="testcases.Test_Myplayers">
        <test-method is-config="true" signature="beforesuite()[pri:0, instance:testcases.Test_Myplayers@7a4ccb53]" started-at="2020-07-05T14:54:19 IST" name="beforesuite" finished-at="2020-07-05T14:54:45 IST" duration-ms="25707" status="PASS">
          <reporter-output>
          </reporter-output>
        </test-method> <!-- beforesuite -->
        <test-method is-config="true" signature="beforeMethod()[pri:0, instance:testcases.Test_Myplayers@7a4ccb53]" started-at="2020-07-05T14:54:45 IST" name="beforeMethod" finished-at="2020-07-05T14:54:45 IST" duration-ms="113" status="PASS">
          <reporter-output>
          </reporter-output>
        </test-method> <!-- beforeMethod -->
        <test-method signature="Manageplayer()[pri:0, instance:testcases.Test_Myplayers@7a4ccb53]" started-at="2020-07-05T14:54:45 IST" name="Manageplayer" finished-at="2020-07-05T14:56:43 IST" duration-ms="118510" status="PASS">
          <reporter-output>
          </reporter-output>
        </test-method> <!-- Manageplayer -->
      </class> <!-- testcases.Test_Myplayers -->
    </test> <!-- Default test -->
  </suite> <!-- Default suite -->
</testng-results>
