<?xml version="1.0" encoding="UTF-8"?>
<testng-results ignored="0" total="1" passed="1" failed="0" skipped="0">
  <reporter-output>
  </reporter-output>
  <suite started-at="2020-02-04T00:33:12 IST" name="Default suite" finished-at="2020-02-04T00:35:06 IST" duration-ms="113475">
    <groups>
    </groups>
    <test started-at="2020-02-04T00:33:12 IST" name="Default test" finished-at="2020-02-04T00:35:06 IST" duration-ms="113475">
      <class name="testcases.Test_newmedia_creation">
        <test-method is-config="true" signature="beforeMethod()[pri:0, instance:testcases.Test_newmedia_creation@7219ec67]" started-at="2020-02-04T00:33:13 IST" name="beforeMethod" finished-at="2020-02-04T00:34:54 IST" duration-ms="101595" status="PASS">
          <reporter-output>
          </reporter-output>
        </test-method> <!-- beforeMethod -->
        <test-method signature="newmediacreation()[pri:0, instance:testcases.Test_newmedia_creation@7219ec67]" started-at="2020-02-04T00:34:54 IST" name="newmediacreation" finished-at="2020-02-04T00:35:06 IST" duration-ms="11198" status="PASS">
          <reporter-output>
          </reporter-output>
        </test-method> <!-- newmediacreation -->
        <test-method is-config="true" signature="afterMethod()[pri:0, instance:testcases.Test_newmedia_creation@7219ec67]" started-at="2020-02-04T00:35:06 IST" name="afterMethod" finished-at="2020-02-04T00:35:06 IST" duration-ms="0" status="PASS">
          <reporter-output>
          </reporter-output>
        </test-method> <!-- afterMethod -->
      </class> <!-- testcases.Test_newmedia_creation -->
    </test> <!-- Default test -->
  </suite> <!-- Default suite -->
</testng-results>
